<?xml version="1.0" encoding="UTF-8"?>
<testsuite xmlns:xsi="http://www.w3.org/2001/XMLSchema-instance" xsi:noNamespaceSchemaLocation="https://maven.apache.org/surefire/maven-surefire-plugin/xsd/surefire-test-report-3.0.xsd" version="3.0" name="com.viewnext.api.controller.PriceControllerGetPriceForApplicationIntegrationTest" time="2.91" tests="5" errors="0" skipped="0" failures="0">
  <properties>
[...]
</properties>
  <testcase name="testGetPriceForApplication_case1" classname="com.viewnext.api.controller.PriceControllerGetPriceForApplicationIntegrationTest" time="0.178">
    <system-out><![CDATA[2024-08-17T14:17:30.882-05:00  INFO 3312 --- [           main] t.c.s.AnnotationConfigContextLoaderUtils : Could not detect default configuration classes for test class [com.viewnext.api.controller.PriceControllerGetPriceForApplicationIntegrationTest]: PriceControllerGetPriceForApplicationIntegrationTest does not declare any static, non-private, non-final, nested classes annotated with @Configuration.
2024-08-17T14:17:30.886-05:00  INFO 3312 --- [           main] .b.t.c.SpringBootTestContextBootstrapper : Found @SpringBootConfiguration com.viewnext.PricesApiApplication for test class com.viewnext.api.controller.PriceControllerGetPriceForApplicationIntegrationTest

  .   ____          _            __ _ _
 /\\ / ___'_ __ _ _(_)_ __  __ _ \ \ \ \
( ( )\___ | '_ | '_| | '_ \/ _` | \ \ \ \
 \\/  ___)| |_)| | | | | || (_| |  ) ) ) )
  '  |____| .__|_| |_|_| |_\__, | / / / /
 =========|_|==============|___/=/_/_/_/

 :: Spring Boot ::                (v3.3.2)

2024-08-17T14:17:30.929-05:00  INFO 3312 --- [           main] lerGetPriceForApplicationIntegrationTest : Starting PriceControllerGetPriceForApplicationIntegrationTest using Java 22.0.1 with PID 3312 (started by User in C:\Users\User\eclipse-workspace\prices\prices-api)
2024-08-17T14:17:30.930-05:00  INFO 3312 --- [           main] lerGetPriceForApplicationIntegrationTest : No active profile set, falling back to 1 default profile: "default"
2024-08-17T14:17:31.247-05:00  INFO 3312 --- [           main] .s.d.r.c.RepositoryConfigurationDelegate : Bootstrapping Spring Data JPA repositories in DEFAULT mode.
2024-08-17T14:17:31.296-05:00  INFO 3312 --- [           main] .s.d.r.c.RepositoryConfigurationDelegate : Finished Spring Data repository scanning in 41 ms. Found 1 JPA repository interface.
2024-08-17T14:17:31.673-05:00  INFO 3312 --- [           main] o.s.b.w.embedded.tomcat.TomcatWebServer  : Tomcat initialized with port 0 (http)
2024-08-17T14:17:31.685-05:00  INFO 3312 --- [           main] o.apache.catalina.core.StandardService   : Starting service [Tomcat]
2024-08-17T14:17:31.686-05:00  INFO 3312 --- [           main] o.apache.catalina.core.StandardEngine    : Starting Servlet engine: [Apache Tomcat/10.1.26]
2024-08-17T14:17:31.735-05:00  INFO 3312 --- [           main] o.a.c.c.C.[Tomcat].[localhost].[/]       : Initializing Spring embedded WebApplicationContext
2024-08-17T14:17:31.735-05:00  INFO 3312 --- [           main] w.s.c.ServletWebServerApplicationContext : Root WebApplicationContext: initialization completed in 803 ms
2024-08-17T14:17:31.760-05:00  INFO 3312 --- [           main] com.zaxxer.hikari.HikariDataSource       : HikariPool-1 - Starting...
2024-08-17T14:17:31.976-05:00  INFO 3312 --- [           main] com.zaxxer.hikari.pool.HikariPool        : HikariPool-1 - Added connection conn0: url=jdbc:h2:mem:testdb user=SA
2024-08-17T14:17:31.977-05:00  INFO 3312 --- [           main] com.zaxxer.hikari.HikariDataSource       : HikariPool-1 - Start completed.
2024-08-17T14:17:31.987-05:00  INFO 3312 --- [           main] o.s.b.a.h2.H2ConsoleAutoConfiguration    : H2 console available at '/h2-console'. Database available at 'jdbc:h2:mem:testdb'
2024-08-17T14:17:32.143-05:00  INFO 3312 --- [           main] o.hibernate.jpa.internal.util.LogHelper  : HHH000204: Processing PersistenceUnitInfo [name: default]
2024-08-17T14:17:32.214-05:00  INFO 3312 --- [           main] org.hibernate.Version                    : HHH000412: Hibernate ORM core version 6.5.2.Final
2024-08-17T14:17:32.252-05:00  INFO 3312 --- [           main] o.h.c.internal.RegionFactoryInitiator    : HHH000026: Second-level cache disabled
2024-08-17T14:17:32.401-05:00  INFO 3312 --- [           main] o.s.o.j.p.SpringPersistenceUnitInfo      : No LoadTimeWeaver setup: ignoring JPA class transformer
2024-08-17T14:17:33.133-05:00  INFO 3312 --- [           main] o.h.e.t.j.p.i.JtaPlatformInitiator       : HHH000489: No JTA platform available (set 'hibernate.transaction.jta.platform' to enable JTA platform integration)
Hibernate: alter table if exists prices alter column price set data type numeric(38,2)
2024-08-17T14:17:33.182-05:00  INFO 3312 --- [           main] j.LocalContainerEntityManagerFactoryBean : Initialized JPA EntityManagerFactory for persistence unit 'default'
2024-08-17T14:17:33.408-05:00  WARN 3312 --- [           main] JpaBaseConfiguration$JpaWebConfiguration : spring.jpa.open-in-view is enabled by default. Therefore, database queries may be performed during view rendering. Explicitly configure spring.jpa.open-in-view to disable this warning
2024-08-17T14:17:33.524-05:00  INFO 3312 --- [           main] o.a.c.c.C.[Tomcat].[localhost].[/]       : Initializing Spring TestDispatcherServlet ''
2024-08-17T14:17:33.524-05:00  INFO 3312 --- [           main] o.s.t.web.servlet.TestDispatcherServlet  : Initializing Servlet ''
2024-08-17T14:17:33.525-05:00  INFO 3312 --- [           main] o.s.t.web.servlet.TestDispatcherServlet  : Completed initialization in 1 ms
2024-08-17T14:17:33.572-05:00  INFO 3312 --- [           main] o.s.b.w.embedded.tomcat.TomcatWebServer  : Tomcat started on port 59552 (http) with context path '/'
2024-08-17T14:17:33.578-05:00  INFO 3312 --- [           main] lerGetPriceForApplicationIntegrationTest : Started PriceControllerGetPriceForApplicationIntegrationTest in 2.686 seconds (process running for 6.344)
Hibernate: select pe1_0.id,pe1_0.brand_id,pe1_0.curr,pe1_0.end_date,pe1_0.price,pe1_0.price_list,pe1_0.priority,pe1_0.product_id,pe1_0.start_date from prices pe1_0 where pe1_0.product_id=? and pe1_0.brand_id=? and timestamp '2020-06-14 10:00:00.000000000' between pe1_0.start_date and pe1_0.end_date order by pe1_0.priority desc fetch first ? rows only
]]></system-out>
  </testcase>
  <testcase name="testGetPriceForApplication_case2" classname="com.viewnext.api.controller.PriceControllerGetPriceForApplicationIntegrationTest" time="0.007">
    <system-out><![CDATA[Hibernate: select pe1_0.id,pe1_0.brand_id,pe1_0.curr,pe1_0.end_date,pe1_0.price,pe1_0.price_list,pe1_0.priority,pe1_0.product_id,pe1_0.start_date from prices pe1_0 where pe1_0.product_id=? and pe1_0.brand_id=? and timestamp '2020-06-14 16:00:00.000000000' between pe1_0.start_date and pe1_0.end_date order by pe1_0.priority desc fetch first ? rows only
]]></system-out>
  </testcase>
  <testcase name="testGetPriceForApplication_case3" classname="com.viewnext.api.controller.PriceControllerGetPriceForApplicationIntegrationTest" time="0.007">
    <system-out><![CDATA[Hibernate: select pe1_0.id,pe1_0.brand_id,pe1_0.curr,pe1_0.end_date,pe1_0.price,pe1_0.price_list,pe1_0.priority,pe1_0.product_id,pe1_0.start_date from prices pe1_0 where pe1_0.product_id=? and pe1_0.brand_id=? and timestamp '2020-06-14 21:00:00.000000000' between pe1_0.start_date and pe1_0.end_date order by pe1_0.priority desc fetch first ? rows only
]]></system-out>
  </testcase>
  <testcase name="testGetPriceForApplication_case4" classname="com.viewnext.api.controller.PriceControllerGetPriceForApplicationIntegrationTest" time="0.007">
    <system-out><![CDATA[Hibernate: select pe1_0.id,pe1_0.brand_id,pe1_0.curr,pe1_0.end_date,pe1_0.price,pe1_0.price_list,pe1_0.priority,pe1_0.product_id,pe1_0.start_date from prices pe1_0 where pe1_0.product_id=? and pe1_0.brand_id=? and timestamp '2020-06-15 10:00:00.000000000' between pe1_0.start_date and pe1_0.end_date order by pe1_0.priority desc fetch first ? rows only
]]></system-out>
  </testcase>
  <testcase name="testGetPriceForApplication_case5" classname="com.viewnext.api.controller.PriceControllerGetPriceForApplicationIntegrationTest" time="0.008">
    <system-out><![CDATA[Hibernate: select pe1_0.id,pe1_0.brand_id,pe1_0.curr,pe1_0.end_date,pe1_0.price,pe1_0.price_list,pe1_0.priority,pe1_0.product_id,pe1_0.start_date from prices pe1_0 where pe1_0.product_id=? and pe1_0.brand_id=? and timestamp '2020-06-16 21:00:00.000000000' between pe1_0.start_date and pe1_0.end_date order by pe1_0.priority desc fetch first ? rows only
]]></system-out>
  </testcase>
</testsuite>