<?xml version="1.0" encoding="UTF-8"?>
<testsuite xmlns:xsi="http://www.w3.org/2001/XMLSchema-instance" xsi:noNamespaceSchemaLocation="https://maven.apache.org/surefire/maven-surefire-plugin/xsd/surefire-test-report-3.0.xsd" version="3.0" name="com.viewnext.application.service.PriceServiceTest" time="1.089" tests="5" errors="0" skipped="0" failures="0">
  <properties>
[...]
</properties>
  <testcase name="testGetPriceById_whenPriceDoesNotExist" classname="com.viewnext.application.service.PriceServiceTest" time="1.031">
    <system-err><![CDATA[WARNING: A Java agent has been loaded dynamically (C:\Users\User\.m2\repository\net\bytebuddy\byte-buddy-agent\1.14.18\byte-buddy-agent-1.14.18.jar)
WARNING: If a serviceability tool is in use, please run with -XX:+EnableDynamicAgentLoading to hide this warning
WARNING: If a serviceability tool is not in use, please run with -Djdk.instrument.traceUsage for more information
WARNING: Dynamic loading of agents will be disallowed by default in a future release
]]></system-err>
  </testcase>
  <testcase name="testGetPriceForApplication_whenPriceExists" classname="com.viewnext.application.service.PriceServiceTest" time="0.008"/>
  <testcase name="testGetPriceById_whenPriceExists" classname="com.viewnext.application.service.PriceServiceTest" time="0.003"/>
  <testcase name="testGetAllPrices" classname="com.viewnext.application.service.PriceServiceTest" time="0.005"/>
  <testcase name="testGetPriceForApplication_whenPriceDoesNotExist" classname="com.viewnext.application.service.PriceServiceTest" time="0.004"/>
</testsuite>